<?xml version="1.0" encoding="UTF-8"?>
<!-- Generated by org.testng.reporters.JUnitReportReporter -->
<testsuite hostname="Simran" failures="0" tests="1" name="com.octavius.testCases.TC_AddSupervisorTest_003" time="15.185" errors="0" timestamp="24 Jan 2023 10:22:05 GMT" skipped="0">
  <testcase classname="com.octavius.testCases.TC_AddSupervisorTest_003" name="AddNewSupervisor" time="15.185"/>
</testsuite> <!-- com.octavius.testCases.TC_AddSupervisorTest_003 -->
