<?xml version="1.0" encoding="UTF-8"?>
<!-- Generated by org.testng.reporters.JUnitReportReporter -->
<testsuite hostname="Simran" failures="0" tests="1" name="com.octavius.testCases.TC_LoginTest_001" time="7.360" errors="0" timestamp="24 Jan 2023 10:22:05 GMT" skipped="0">
  <testcase classname="com.octavius.testCases.TC_LoginTest_001" name="loginTest" time="7.360"/>
</testsuite> <!-- com.octavius.testCases.TC_LoginTest_001 -->
