<?xml version="1.0" encoding="UTF-8"?>
<!-- Generated by org.testng.reporters.JUnitReportReporter -->
<testsuite hostname="Simran" failures="0" tests="1" name="com.octavius.testCases.TC_LoginTest_001" time="11.017" errors="0" timestamp="07 Feb 2023 12:47:32 GMT" skipped="0">
  <testcase classname="com.octavius.testCases.TC_LoginTest_001" name="loginTest" time="11.017"/>
</testsuite> <!-- com.octavius.testCases.TC_LoginTest_001 -->
